<?xml version="1.0" encoding="UTF-8"?>
<!-- Generated by org.testng.reporters.JUnitReportReporter -->
<testsuite hostname="DESKTOP-4T9R7PN" failures="0" tests="1" name="com.qa.purchaseProcess.runner.TestRunner" time="918.735" errors="0" timestamp="31 Mar 2021 08:59:44 GMT">
  <testcase classname="com.qa.purchaseProcess.runner.TestRunner" name="feature" time="918.735"/>
</testsuite> <!-- com.qa.purchaseProcess.runner.TestRunner -->
