<?xml version="1.0" encoding="UTF-8"?>
<!-- Generated by org.testng.reporters.JUnitReportReporter -->
<testsuite hostname="DESKTOP-4T9R7PN" failures="0" tests="1" name="com.qa.purchaseProcess.runner.TestRunner" time="796.458" errors="0" timestamp="3 Mar 2021 13:39:07 GMT">
  <testcase classname="com.qa.purchaseProcess.runner.TestRunner" name="feature" time="796.458"/>
</testsuite> <!-- com.qa.purchaseProcess.runner.TestRunner -->
